<?xml version="1.0" encoding="UTF-8"?>
<!-- Generated by org.testng.reporters.JUnitReportReporter -->
<testsuite hostname="CFLNAVALUR4694" failures="0" tests="3" name="com.testScripts.LoginTests" time="1.191" errors="0" timestamp="2025-05-24T17:09:15 IST" skipped="0">
  <testcase classname="com.testScripts.LoginTests" name="verifyTitle" time="0.096"/>
  <system-out/>
  <testcase classname="com.testScripts.LoginTests" name="loginValid" time="0.577"/>
  <system-out/>
  <testcase classname="com.testScripts.LoginTests" name="loginInvalid" time="0.518"/>
  <system-out/>
</testsuite> <!-- com.testScripts.LoginTests -->
